\BOOKMARK [-1][-]{part.1}{\376\377\000I\000\040\000T\000r\000a\000b\000a\000j\000o\000\040\000T\000e\000r\000m\000i\000n\000a\000l\000\040\000I}{}% 1
\BOOKMARK [0][-]{appendix.Alph1}{\376\377\000I\000n\000t\000r\000o\000d\000u\000c\000c\000i\000\363\000n}{part.1}% 2
\BOOKMARK [1][-]{section.Alph1.1}{\376\377\000O\000b\000j\000e\000t\000i\000v\000o\000s\000.}{appendix.Alph1}% 3
\BOOKMARK [2][-]{subsection.Alph1.1.1}{\376\377\000O\000b\000j\000e\000t\000i\000v\000o\000\040\000g\000e\000n\000e\000r\000a\000l\000.\000\040}{section.Alph1.1}% 4
\BOOKMARK [2][-]{subsection.Alph1.1.2}{\376\377\000O\000b\000j\000e\000t\000i\000v\000o\000s\000\040\000p\000a\000r\000t\000i\000c\000u\000l\000a\000r\000e\000s\000.}{section.Alph1.1}% 5
\BOOKMARK [1][-]{section.Alph1.2}{\376\377\000T\000r\000a\000b\000a\000j\000o\000\040\000p\000r\000e\000v\000i\000o\000.}{appendix.Alph1}% 6
\BOOKMARK [2][-]{subsection.Alph1.2.1}{\376\377\000T\000r\000a\000b\000a\000j\000o\000\040\000P\000r\000e\000v\000i\000o\000\040\0001}{section.Alph1.2}% 7
\BOOKMARK [2][-]{subsection.Alph1.2.2}{\376\377\000T\000r\000a\000b\000a\000j\000o\000\040\000P\000r\000e\000v\000i\000o\000\040\0002}{section.Alph1.2}% 8
\BOOKMARK [1][-]{section.Alph1.3}{\376\377\000J\000u\000s\000t\000i\000f\000i\000c\000a\000c\000i\000\363\000n\000.}{appendix.Alph1}% 9
\BOOKMARK [2][-]{subsection.Alph1.3.1}{\376\377\000L\000i\000m\000i\000t\000e\000s\000\040\000y\000\040\000a\000l\000c\000a\000n\000c\000e\000s}{section.Alph1.3}% 10
\BOOKMARK [1][-]{section.Alph1.4}{\376\377\000M\000e\000t\000o\000d\000o\000l\000o\000g\000\355\000a\000.}{appendix.Alph1}% 11
\BOOKMARK [1][-]{section.Alph1.5}{\376\377\000O\000r\000g\000a\000n\000i\000z\000a\000c\000i\000\363\000n\000\040\000d\000e\000l\000\040\000d\000o\000c\000u\000m\000e\000n\000t\000o}{appendix.Alph1}% 12
\BOOKMARK [2][-]{subsection.Alph1.5.1}{\376\377\000C\000a\000p\000\355\000t\000u\000l\000o\000\040\0002\000.\000\040\000M\000a\000r\000c\000o\000\040\000t\000e\000\363\000r\000i\000c\000o\000.}{section.Alph1.5}% 13
\BOOKMARK [2][-]{subsection.Alph1.5.2}{\376\377\000C\000a\000p\000\355\000t\000u\000l\000o\000\040\0003\000.\000\040\000A\000n\000\341\000l\000i\000s\000i\000s\000.}{section.Alph1.5}% 14
\BOOKMARK [2][-]{subsection.Alph1.5.3}{\376\377\000C\000a\000p\000\355\000t\000u\000l\000o\000\040\0004\000.\000\040\000D\000i\000s\000e\000\361\000o\000.}{section.Alph1.5}% 15
\BOOKMARK [2][-]{subsection.Alph1.5.4}{\376\377\000C\000a\000p\000\355\000t\000u\000l\000o\000\040\0005\000.\000\040\000D\000e\000s\000a\000r\000r\000o\000l\000l\000o\000.}{section.Alph1.5}% 16
\BOOKMARK [2][-]{subsection.Alph1.5.5}{\376\377\000C\000a\000p\000\355\000t\000u\000l\000o\000\040\0006\000.\000\040\000A\000v\000a\000n\000c\000e\000s\000\040\000y\000\040\000t\000r\000a\000b\000a\000j\000o\000\040\000p\000o\000r\000\040\000h\000a\000c\000e\000r\000.}{section.Alph1.5}% 17
\BOOKMARK [0][-]{appendix.Alph2}{\376\377\000M\000a\000r\000c\000o\000\040\000t\000e\000\363\000r\000i\000c\000o}{part.1}% 18
\BOOKMARK [1][-]{section.Alph2.1}{\376\377\000G\000i\000t\000h\000u\000b\000\040\000S\000t\000u\000d\000e\000n\000t\000\040\000P\000a\000c\000k}{appendix.Alph2}% 19
\BOOKMARK [1][-]{section.Alph2.2}{\376\377\000R\000e\000d\000e\000s\000\040\000n\000e\000u\000r\000o\000n\000a\000l\000e\000s}{appendix.Alph2}% 20
\BOOKMARK [2][-]{subsection.Alph2.2.1}{\376\377\000T\000i\000p\000o\000s\000\040\000d\000e\000\040\000R\000e\000d\000e\000s\000\040\000N\000e\000u\000r\000o\000n\000a\000l\000e\000s}{section.Alph2.2}% 21
\BOOKMARK [1][-]{section.Alph2.3}{\376\377\000B\000a\000s\000e\000\040\000d\000e\000\040\000d\000a\000t\000o\000s}{appendix.Alph2}% 22
\BOOKMARK [2][-]{subsection.Alph2.3.1}{\376\377\000T\000i\000p\000o\000s\000\040\000d\000e\000\040\000b\000a\000s\000e\000s\000\040\000d\000e\000\040\000d\000a\000t\000o\000s}{section.Alph2.3}% 23
\BOOKMARK [1][-]{section.Alph2.4}{\376\377\000\277\000Q\000u\000\351\000\040\000e\000s\000\040\000u\000n\000a\000\040\000c\000a\000n\000c\000i\000\363\000n\000?}{appendix.Alph2}% 24
\BOOKMARK [2][-]{subsection.Alph2.4.1}{\376\377\000E\000l\000e\000m\000e\000n\000t\000o\000s\000\040\000d\000e\000\040\000u\000n\000a\000\040\000c\000a\000n\000c\000i\000\363\000n}{section.Alph2.4}% 25
\BOOKMARK [2][-]{subsection.Alph2.4.2}{\376\377\000I\000n\000t\000r\000o\000d\000u\000c\000c\000i\000\363\000n}{section.Alph2.4}% 26
\BOOKMARK [2][-]{subsection.Alph2.4.3}{\376\377\000V\000e\000r\000s\000o}{section.Alph2.4}% 27
\BOOKMARK [2][-]{subsection.Alph2.4.4}{\376\377\000P\000r\000e\000-\000e\000s\000t\000r\000i\000b\000i\000l\000l\000o}{section.Alph2.4}% 28
\BOOKMARK [2][-]{subsection.Alph2.4.5}{\376\377\000E\000s\000t\000r\000i\000b\000i\000l\000l\000o}{section.Alph2.4}% 29
\BOOKMARK [2][-]{subsection.Alph2.4.6}{\376\377\000P\000u\000e\000n\000t\000e}{section.Alph2.4}% 30
\BOOKMARK [2][-]{subsection.Alph2.4.7}{\376\377\000C\000i\000e\000r\000r\000e}{section.Alph2.4}% 31
\BOOKMARK [2][-]{subsection.Alph2.4.8}{\376\377\000E\000s\000t\000r\000u\000c\000t\000u\000r\000a\000\040\000d\000e\000\040\000u\000n\000a\000\040\000c\000a\000n\000c\000i\000\363\000n}{section.Alph2.4}% 32
\BOOKMARK [1][-]{section.Alph2.5}{\376\377\000C\000a\000d\000e\000n\000a\000s\000\040\000d\000e\000\040\000M\000a\000r\000k\000o\000v}{appendix.Alph2}% 33
\BOOKMARK [1][-]{section.Alph2.6}{\376\377\000M\000a\000r\000k\000o\000v\000i\000f\000y}{appendix.Alph2}% 34
\BOOKMARK [2][-]{subsection.Alph2.6.1}{\376\377\000\277\000Q\000u\000\351\000\040\000e\000s\000\040\000m\000a\000r\000k\000o\000v\000i\000f\000y\000?}{section.Alph2.6}% 35
\BOOKMARK [2][-]{subsection.Alph2.6.2}{\376\377\000R\000a\000z\000o\000n\000e\000s\000\040\000d\000e\000\040\000u\000s\000a\000r\000\040\000m\000a\000r\000k\000o\000v\000i\000f\000y}{section.Alph2.6}% 36
\BOOKMARK [2][-]{subsection.Alph2.6.3}{\376\377\000\277\000C\000\363\000m\000o\000\040\000s\000e\000\040\000u\000s\000a\000\040\000m\000a\000r\000k\000o\000v\000i\000f\000y\000?}{section.Alph2.6}% 37
\BOOKMARK [1][-]{section.Alph2.7}{\376\377\000F\000l\000a\000s\000k}{appendix.Alph2}% 38
\BOOKMARK [1][-]{section.Alph2.8}{\376\377\000A\000p\000a\000c\000h\000e}{appendix.Alph2}% 39
\BOOKMARK [1][-]{section.Alph2.9}{\376\377\000S\000e\000r\000v\000i\000d\000o\000r\000\040\000W\000e\000b}{appendix.Alph2}% 40
\BOOKMARK [1][-]{section.Alph2.10}{\376\377\000C\000e\000r\000t\000i\000f\000i\000c\000a\000d\000o\000\040\000S\000S\000L}{appendix.Alph2}% 41
\BOOKMARK [2][-]{subsection.Alph2.10.1}{\376\377\000S\000u\000b\000t\000e\000m\000a\000\040\0005\000.\0001}{section.Alph2.10}% 42
\BOOKMARK [2][-]{subsection.Alph2.10.2}{\376\377\000S\000u\000b\000t\000e\000m\000a\000\040\0005\000.\0002}{section.Alph2.10}% 43
\BOOKMARK [2][-]{subsection.Alph2.10.3}{\376\377\000O\000b\000j\000e\000t\000i\000v\000o\000s\000\040\000d\000e\000\040\000l\000a\000\040\000c\000r\000i\000p\000t\000o\000g\000r\000a\000f\000\355\000a\000.}{section.Alph2.10}% 44
\BOOKMARK [2][-]{subsection.Alph2.10.4}{\376\377\000U\000s\000o\000s\000\040\000d\000e\000\040\000l\000a\000\040\000c\000r\000i\000p\000t\000o\000g\000r\000a\000f\000\355\000a\000.}{section.Alph2.10}% 45
\BOOKMARK [2][-]{subsection.Alph2.10.5}{\376\377\000C\000r\000i\000p\000t\000o\000g\000r\000a\000f\000\355\000a\000\040\000s\000i\000m\000\351\000t\000r\000i\000c\000a\000\040\000y\000\040\000a\000s\000i\000m\000\351\000t\000r\000i\000c\000a\000.}{section.Alph2.10}% 46
\BOOKMARK [2][-]{subsection.Alph2.10.6}{\376\377\000C\000r\000i\000p\000t\000o\000g\000r\000a\000f\000\355\000a\000\040\000a\000\040\000n\000i\000v\000e\000l\000\040\000d\000e\000\040\000a\000p\000l\000i\000c\000a\000c\000i\000\363\000n\000.}{section.Alph2.10}% 47
\BOOKMARK [1][-]{section.Alph2.11}{\376\377\000T\000e\000m\000a\000\040\0006}{appendix.Alph2}% 48
\BOOKMARK [2][-]{subsection.Alph2.11.1}{\376\377\000H\000i\000s\000t\000o\000r\000i\000a}{section.Alph2.11}% 49
\BOOKMARK [2][-]{subsection.Alph2.11.2}{\376\377\000\277\000Q\000u\000\351\000\040\000e\000s\000\040\000T\000e\000m\000a\000\040\0006\000?}{section.Alph2.11}% 50
\BOOKMARK [2][-]{subsection.Alph2.11.3}{\376\377\000O\000b\000j\000e\000t\000i\000v\000o\000\040\000d\000e\000\040\000T\000e\000m\000a\000\040\0006}{section.Alph2.11}% 51
\BOOKMARK [2][-]{subsection.Alph2.11.4}{\376\377\000\277\000C\000\363\000m\000o\000\040\000f\000u\000n\000c\000i\000o\000n\000a\000?}{section.Alph2.11}% 52
\BOOKMARK [2][-]{subsection.Alph2.11.5}{\376\377\000P\000r\000o\000p\000i\000e\000d\000a\000d\000e\000s\000\040\000d\000e\000\040\000T\000e\000m\000a\000\040\0006}{section.Alph2.11}% 53
\BOOKMARK [2][-]{subsection.Alph2.11.6}{\376\377\000A\000l\000l\000-\000o\000r\000-\000N\000o\000t\000h\000i\000n\000g\000\040\000a\000n\000d\000\040\000t\000h\000e\000\040\000P\000a\000c\000k\000a\000g\000e\000\040\000T\000r\000a\000n\000s\000f\000o\000r\000m\000\040\000\050\000A\000O\000N\000T\000\051}{section.Alph2.11}% 54
\BOOKMARK [2][-]{subsection.Alph2.11.7}{\376\377\000C\000o\000m\000p\000a\000r\000a\000n\000d\000o\000\040\000C\000h\000a\000f\000f\000i\000n\000g\000\040\000a\000n\000d\000\040\000W\000i\000n\000n\000o\000w\000i\000n\000g\000\040\000c\000o\000n\000t\000r\000a\000\040\000C\000i\000f\000r\000a\000d\000o\000\040\000y\000\040\000E\000s\000t\000e\000g\000a\000n\000o\000g\000r\000a\000f\000\355\000a}{section.Alph2.11}% 55
\BOOKMARK [-1][-]{part.2}{\376\377\000\040\000S\000p\000r\000i\000n\000t\000\040\0001\000.}{}% 56
\BOOKMARK [0][-]{appendix.Alph3}{\376\377\000A\000n\000\341\000l\000i\000s\000i\000s\000.}{part.2}% 57
\BOOKMARK [1][-]{section.Alph3.1}{\376\377\000E\000s\000t\000u\000d\000i\000o\000\040\000d\000e\000\040\000F\000a\000c\000t\000i\000b\000i\000l\000i\000d\000a\000d\000.}{appendix.Alph3}% 58
\BOOKMARK [2][-]{subsection.Alph3.1.1}{\376\377\000F\000a\000c\000t\000i\000b\000i\000l\000i\000d\000a\000d\000\040\000T\000\351\000c\000n\000i\000c\000a}{section.Alph3.1}% 59
\BOOKMARK [2][-]{subsection.Alph3.1.2}{\376\377\000F\000a\000c\000t\000i\000b\000i\000l\000i\000d\000a\000d\000\040\000O\000p\000e\000r\000a\000t\000i\000v\000a}{section.Alph3.1}% 60
\BOOKMARK [2][-]{subsection.Alph3.1.3}{\376\377\000F\000a\000c\000t\000i\000b\000i\000l\000i\000d\000a\000d\000\040\000E\000c\000o\000n\000\363\000m\000i\000c\000a}{section.Alph3.1}% 61
\BOOKMARK [1][-]{section.Alph3.2}{\376\377\000H\000e\000r\000r\000a\000m\000i\000e\000n\000t\000a\000s\000\040\000a\000\040\000u\000s\000a\000r\000.}{appendix.Alph3}% 62
\BOOKMARK [2][-]{subsection.Alph3.2.1}{\376\377\000S\000o\000f\000t\000w\000a\000r\000e\000.}{section.Alph3.2}% 63
\BOOKMARK [2][-]{subsection.Alph3.2.2}{\376\377\000H\000a\000r\000d\000w\000a\000r\000e\000.}{section.Alph3.2}% 64
\BOOKMARK [1][-]{section.Alph3.3}{\376\377\000A\000r\000q\000u\000i\000t\000e\000c\000t\000u\000r\000a\000\040\000d\000e\000l\000\040\000s\000i\000s\000t\000e\000m\000a\000.}{appendix.Alph3}% 65
\BOOKMARK [2][-]{subsection.Alph3.3.1}{\376\377\000D\000e\000s\000c\000r\000i\000p\000c\000i\000\363\000n\000\040\000d\000e\000\040\000l\000a\000\040\000a\000r\000q\000u\000i\000t\000e\000c\000t\000u\000r\000a\000\040\000d\000e\000l\000\040\000s\000i\000s\000t\000e\000m\000a\000.}{section.Alph3.3}% 66
\BOOKMARK [1][-]{section.Alph3.4}{\376\377\000D\000i\000a\000g\000r\000a\000m\000a\000\040\000B\000P\000M\000N}{appendix.Alph3}% 67
\BOOKMARK [2][-]{subsection.Alph3.4.1}{\376\377\000D\000i\000a\000g\000r\000a\000m\000a\000\040\000B\000P\000M\000N\000\040\000P\000r\000o\000c\000e\000s\000o\000:\000\040\000I\000n\000i\000c\000i\000o\000\040\000d\000e\000\040\000S\000e\000s\000i\000\363\000n}{section.Alph3.4}% 68
\BOOKMARK [1][-]{section.Alph3.5}{\376\377\000D\000i\000a\000g\000r\000a\000m\000a\000\040\000d\000e\000\040\000c\000a\000s\000o\000s\000\040\000d\000e\000\040\000u\000s\000o\000\040\000g\000e\000n\000e\000r\000a\000l\000.}{appendix.Alph3}% 69
\BOOKMARK [1][-]{section.Alph3.6}{\376\377\000C\000o\000m\000p\000o\000n\000e\000n\000t\000e\000\040\000I\000.\000\040\000E\000x\000t\000e\000n\000s\000i\000\363\000n\000.}{appendix.Alph3}% 70
\BOOKMARK [2][-]{subsection.Alph3.6.1}{\376\377\000D\000e\000s\000c\000r\000i\000p\000c\000i\000\363\000n\000.}{section.Alph3.6}% 71
\BOOKMARK [2][-]{subsection.Alph3.6.2}{\376\377\000E\000s\000t\000u\000d\000i\000o\000\040\000d\000e\000\040\000r\000e\000q\000u\000e\000r\000i\000m\000i\000e\000n\000t\000o\000s\000.}{section.Alph3.6}% 72
\BOOKMARK [2][-]{subsection.Alph3.6.3}{\376\377\000R\000e\000g\000l\000a\000s\000\040\000d\000e\000l\000\040\000n\000e\000g\000o\000c\000i\000o\000.}{section.Alph3.6}% 73
\BOOKMARK [1][-]{section.Alph3.7}{\376\377\000C\000o\000m\000p\000o\000n\000e\000n\000t\000e\000\040\000I\000I\000:\000\040\000S\000e\000r\000v\000i\000d\000o\000r\000\040\000a\000u\000t\000e\000n\000t\000i\000f\000i\000c\000a\000d\000o\000r\000.}{appendix.Alph3}% 74
\BOOKMARK [2][-]{subsection.Alph3.7.1}{\376\377\000D\000e\000s\000c\000r\000i\000p\000c\000i\000\363\000n\000.}{section.Alph3.7}% 75
\BOOKMARK [2][-]{subsection.Alph3.7.2}{\376\377\000E\000s\000t\000u\000d\000i\000o\000\040\000d\000e\000\040\000r\000e\000q\000u\000e\000r\000i\000m\000i\000e\000n\000t\000o\000s\000.}{section.Alph3.7}% 76
\BOOKMARK [2][-]{subsection.Alph3.7.3}{\376\377\000R\000e\000g\000l\000a\000s\000\040\000d\000e\000l\000\040\000n\000e\000g\000o\000c\000i\000o\000.}{section.Alph3.7}% 77
\BOOKMARK [1][-]{section.Alph3.8}{\376\377\000C\000o\000m\000p\000o\000n\000e\000n\000t\000e\000\040\000I\000I\000I\000:\000\040\000A\000P\000I\000.}{appendix.Alph3}% 78
\BOOKMARK [2][-]{subsection.Alph3.8.1}{\376\377\000D\000e\000s\000c\000r\000i\000p\000c\000i\000\363\000n\000.}{section.Alph3.8}% 79
\BOOKMARK [2][-]{subsection.Alph3.8.2}{\376\377\000E\000s\000t\000u\000d\000i\000o\000\040\000d\000e\000\040\000r\000e\000q\000u\000e\000r\000i\000m\000i\000e\000n\000t\000o\000s\000.}{section.Alph3.8}% 80
\BOOKMARK [2][-]{subsection.Alph3.8.3}{\376\377\000R\000e\000g\000l\000a\000s\000\040\000d\000e\000l\000\040\000n\000e\000g\000o\000c\000i\000o\000.}{section.Alph3.8}% 81
\BOOKMARK [0][-]{appendix.Alph4}{\376\377\000D\000i\000s\000e\000\361\000o\000.}{part.2}% 82
\BOOKMARK [1][-]{section.Alph4.1}{\376\377\000C\000o\000m\000p\000o\000n\000e\000n\000t\000e\000\040\000I\000:\000\040\000E\000x\000t\000e\000n\000s\000i\000\363\000n\000.}{appendix.Alph4}% 83
\BOOKMARK [2][-]{subsection.Alph4.1.1}{\376\377\000D\000i\000a\000g\000r\000a\000m\000a\000\040\000d\000e\000\040\000c\000a\000s\000o\000s\000\040\000d\000e\000\040\000u\000s\000o}{section.Alph4.1}% 84
\BOOKMARK [2][-]{subsection.Alph4.1.2}{\376\377\000D\000i\000a\000g\000r\000a\000m\000a\000\040\000d\000e\000\040\000f\000l\000u\000j\000o\000.}{section.Alph4.1}% 85
\BOOKMARK [2][-]{subsection.Alph4.1.3}{\376\377\000D\000i\000a\000g\000r\000a\000m\000a\000\040\000d\000e\000\040\000f\000l\000u\000j\000o\000\040\000d\000e\000\040\000d\000a\000t\000o\000s\000.}{section.Alph4.1}% 86
\BOOKMARK [2][-]{subsection.Alph4.1.4}{\376\377\000D\000i\000a\000g\000r\000a\000m\000a\000\040\000d\000e\000\040\000c\000l\000a\000s\000e\000s\000.}{section.Alph4.1}% 87
\BOOKMARK [2][-]{subsection.Alph4.1.5}{\376\377\000D\000i\000a\000g\000r\000a\000m\000a\000s\000\040\000d\000e\000\040\000s\000e\000c\000u\000e\000n\000c\000i\000a\000.}{section.Alph4.1}% 88
\BOOKMARK [2][-]{subsection.Alph4.1.6}{\376\377\000D\000i\000a\000g\000r\000a\000m\000a\000\040\000d\000e\000\040\000a\000c\000t\000i\000v\000i\000d\000a\000d\000e\000s}{section.Alph4.1}% 89
\BOOKMARK [2][-]{subsection.Alph4.1.7}{\376\377\000I\000n\000t\000e\000r\000f\000a\000z\000\040\000d\000e\000\040\000u\000s\000u\000a\000r\000i\000o\000.}{section.Alph4.1}% 90
\BOOKMARK [2][-]{subsection.Alph4.1.8}{\376\377\000R\000e\000q\000u\000i\000s\000i\000t\000o\000s\000\040\000d\000e\000\040\000d\000i\000s\000e\000\361\000o\000.}{section.Alph4.1}% 91
\BOOKMARK [2][-]{subsection.Alph4.1.9}{\376\377\000A\000l\000g\000o\000r\000i\000t\000m\000o\000s\000.}{section.Alph4.1}% 92
\BOOKMARK [1][-]{section.Alph4.2}{\376\377\000C\000o\000m\000p\000o\000n\000e\000n\000t\000e\000\040\000I\000I\000:\000\040\000S\000e\000r\000v\000i\000d\000o\000r\000\040\000A\000u\000t\000e\000n\000t\000i\000f\000i\000c\000a\000d\000o\000r\000.}{appendix.Alph4}% 93
\BOOKMARK [2][-]{subsection.Alph4.2.1}{\376\377\000D\000i\000a\000g\000r\000a\000m\000a\000\040\000d\000e\000\040\000c\000a\000s\000o\000s\000\040\000d\000e\000\040\000u\000s\000o\000.}{section.Alph4.2}% 94
\BOOKMARK [2][-]{subsection.Alph4.2.2}{\376\377\000D\000i\000a\000g\000r\000a\000m\000a\000\040\000d\000e\000\040\000f\000l\000u\000j\000o\000.}{section.Alph4.2}% 95
\BOOKMARK [2][-]{subsection.Alph4.2.3}{\376\377\000D\000i\000a\000g\000r\000a\000m\000a\000\040\000d\000e\000\040\000f\000l\000u\000j\000o\000\040\000d\000e\000\040\000d\000a\000t\000o\000s\000.}{section.Alph4.2}% 96
\BOOKMARK [2][-]{subsection.Alph4.2.4}{\376\377\000D\000i\000a\000g\000r\000a\000m\000a\000\040\000d\000e\000\040\000c\000l\000a\000s\000e\000s\000.}{section.Alph4.2}% 97
\BOOKMARK [2][-]{subsection.Alph4.2.5}{\376\377\000D\000i\000a\000g\000r\000a\000m\000a\000s\000\040\000d\000e\000\040\000s\000e\000c\000u\000e\000n\000c\000i\000a\000s\000.}{section.Alph4.2}% 98
\BOOKMARK [2][-]{subsection.Alph4.2.6}{\376\377\000D\000i\000a\000g\000r\000a\000m\000a\000\040\000d\000e\000\040\000a\000c\000t\000i\000v\000i\000d\000a\000d\000e\000s\000.}{section.Alph4.2}% 99
\BOOKMARK [1][-]{section.Alph4.3}{\376\377\000C\000o\000m\000p\000o\000n\000e\000n\000t\000e\000\040\000I\000I\000I\000:\000\040\000A\000P\000I\000.}{appendix.Alph4}% 100
\BOOKMARK [2][-]{subsection.Alph4.3.1}{\376\377\000D\000i\000a\000g\000r\000a\000m\000a\000\040\000d\000e\000\040\000c\000a\000s\000o\000s\000\040\000d\000e\000\040\000u\000s\000o\000.}{section.Alph4.3}% 101
\BOOKMARK [2][-]{subsection.Alph4.3.2}{\376\377\000D\000i\000a\000g\000r\000a\000m\000a\000\040\000d\000e\000\040\000f\000l\000u\000j\000o\000.}{section.Alph4.3}% 102
\BOOKMARK [2][-]{subsection.Alph4.3.3}{\376\377\000D\000i\000a\000g\000r\000a\000m\000a\000\040\000d\000e\000\040\000f\000l\000u\000j\000o\000\040\000d\000e\000\040\000d\000a\000t\000o\000s\000.}{section.Alph4.3}% 103
\BOOKMARK [2][-]{subsection.Alph4.3.4}{\376\377\000D\000i\000a\000g\000r\000a\000m\000a\000\040\000d\000e\000\040\000c\000l\000a\000s\000e\000s\000.}{section.Alph4.3}% 104
\BOOKMARK [2][-]{subsection.Alph4.3.5}{\376\377\000D\000i\000a\000g\000r\000a\000m\000a\000s\000\040\000d\000e\000\040\000s\000e\000c\000u\000e\000n\000c\000i\000a\000s\000.}{section.Alph4.3}% 105
\BOOKMARK [2][-]{subsection.Alph4.3.6}{\376\377\000D\000i\000a\000g\000r\000a\000m\000a\000\040\000d\000e\000\040\000a\000c\000t\000i\000v\000i\000d\000a\000d\000e\000s}{section.Alph4.3}% 106
\BOOKMARK [2][-]{subsection.Alph4.3.7}{\376\377\000I\000n\000t\000e\000r\000f\000a\000z\000\040\000d\000e\000\040\000u\000s\000u\000a\000r\000i\000o\000.}{section.Alph4.3}% 107
\BOOKMARK [2][-]{subsection.Alph4.3.8}{\376\377\000A\000l\000g\000o\000r\000i\000t\000m\000o\000s\000.}{section.Alph4.3}% 108
\BOOKMARK [0][-]{appendix.Alph5}{\376\377\000D\000e\000s\000a\000r\000r\000o\000l\000l\000o\000.}{part.2}% 109
\BOOKMARK [1][-]{section.Alph5.1}{\376\377\000C\000o\000m\000p\000o\000n\000e\000n\000t\000e\000\040\000I\000.\000\040\000E\000x\000t\000e\000n\000s\000i\000\363\000n\000.}{appendix.Alph5}% 110
\BOOKMARK [2][-]{subsection.Alph5.1.1}{\376\377\000A\000r\000c\000h\000i\000v\000o\000\040\000p\000o\000p\000u\000p\000.\000h\000t\000m\000l}{section.Alph5.1}% 111
\BOOKMARK [2][-]{subsection.Alph5.1.2}{\376\377\000A\000r\000c\000h\000i\000v\000o\000\040\000b\000a\000c\000k\000g\000r\000o\000u\000n\000d\000.\000j\000s}{section.Alph5.1}% 112
\BOOKMARK [1][-]{section.Alph5.2}{\376\377\000C\000o\000m\000p\000o\000n\000e\000n\000t\000e\000\040\000I\000I\000.\000\040\000S\000e\000r\000v\000i\000d\000o\000r\000\040\000A\000u\000t\000e\000n\000t\000i\000f\000i\000c\000a\000d\000o\000r\000.}{appendix.Alph5}% 113
\BOOKMARK [2][-]{subsection.Alph5.2.1}{\376\377\000M\000a\000n\000e\000j\000a\000d\000o\000r\000\040\000d\000e\000\040\000p\000a\000q\000u\000e\000t\000e\000s\000\040\000d\000e\000\040\000N\000o\000d\000e\000\040\000\050\000n\000p\000m\000\051\000.}{section.Alph5.2}% 114
\BOOKMARK [2][-]{subsection.Alph5.2.2}{\376\377\000C\000o\000m\000p\000o\000n\000e\000n\000t\000e\000s\000.}{section.Alph5.2}% 115
\BOOKMARK [1][-]{section.Alph5.3}{\376\377\000C\000o\000m\000p\000o\000n\000e\000n\000t\000e\000\040\000I\000I\000I\000.\000\040\000A\000P\000I\000.}{appendix.Alph5}% 116
\BOOKMARK [2][-]{subsection.Alph5.3.1}{\376\377\000A\000P\000I}{section.Alph5.3}% 117
\BOOKMARK [2][-]{subsection.Alph5.3.2}{\376\377\000S\000e\000r\000v\000i\000c\000i\000o\000\040\000W\000e\000b\000.}{section.Alph5.3}% 118
\BOOKMARK [0][-]{appendix.Alph6}{\376\377\000P\000r\000u\000e\000b\000a\000s\000.}{part.2}% 119
\BOOKMARK [1][-]{section.Alph6.1}{\376\377\000P\000r\000u\000e\000b\000a\000s\000\040\000d\000e\000\040\000i\000n\000t\000e\000g\000r\000a\000c\000i\000\363\000n\000.}{appendix.Alph6}% 120
\BOOKMARK [2][-]{subsection.Alph6.1.1}{\376\377\000E\000x\000t\000e\000n\000s\000i\000\363\000n\000\040\000y\000\040\000S\000e\000r\000v\000i\000d\000o\000r\000\040\000a\000u\000t\000e\000n\000t\000i\000f\000i\000c\000a\000d\000o\000r\000.}{section.Alph6.1}% 121
\BOOKMARK [2][-]{subsection.Alph6.1.2}{\376\377\000E\000x\000t\000e\000n\000s\000i\000\363\000n\000\040\000y\000\040\000S\000e\000r\000v\000i\000c\000i\000o\000\040\000W\000e\000b\000.}{section.Alph6.1}% 122
\BOOKMARK [2][-]{subsection.Alph6.1.3}{\376\377\000S\000e\000r\000v\000i\000d\000o\000r\000\040\000A\000u\000t\000e\000n\000t\000i\000f\000i\000c\000a\000d\000o\000r\000\040\000y\000\040\000A\000P\000I\000.}{section.Alph6.1}% 123
\BOOKMARK [1][-]{section.Alph6.2}{\376\377\000T\000i\000e\000m\000p\000o\000s\000\040\000d\000e\000\040\000e\000j\000e\000c\000u\000c\000i\000\363\000n\000.}{appendix.Alph6}% 124
\BOOKMARK [2][-]{subsection.Alph6.2.1}{\376\377\000A\000l\000g\000o\000r\000i\000t\000m\000o\000\040\000d\000e\000\040\000C\000h\000a\000f\000f\000i\000n\000g\000.}{section.Alph6.2}% 125
\BOOKMARK [2][-]{subsection.Alph6.2.2}{\376\377\000A\000l\000g\000o\000r\000i\000t\000m\000o\000\040\000d\000e\000\040\000W\000i\000n\000n\000o\000w\000i\000n\000g\000.}{section.Alph6.2}% 126
\BOOKMARK [2][-]{subsection.Alph6.2.3}{\376\377\000I\000n\000i\000c\000i\000o\000\040\000d\000e\000\040\000s\000e\000s\000i\000\363\000n\000.}{section.Alph6.2}% 127
\BOOKMARK [-1][-]{part.3}{\376\377\000\040\000T\000r\000a\000b\000a\000j\000o\000\040\000T\000e\000r\000m\000i\000n\000a\000l\000\040\000I\000I}{}% 128
\BOOKMARK [-1][-]{part.4}{\376\377\000\040\000S\000p\000r\000i\000n\000t\000\040\0002\000.}{}% 129
\BOOKMARK [0][-]{appendix.Alph7}{\376\377\000A\000n\000\341\000l\000i\000s\000i\000s\000.}{part.4}% 130
\BOOKMARK [1][-]{section.Alph7.1}{\376\377\000A\000r\000q\000u\000i\000t\000e\000c\000t\000u\000r\000a\000\040\000d\000e\000l\000\040\000s\000i\000s\000t\000e\000m\000a\000.}{appendix.Alph7}% 131
\BOOKMARK [2][-]{subsection.Alph7.1.1}{\376\377\000D\000e\000s\000c\000r\000i\000p\000c\000i\000\363\000n\000\040\000d\000e\000\040\000l\000a\000\040\000a\000r\000q\000u\000i\000t\000e\000c\000t\000u\000r\000a\000\040\000d\000e\000l\000\040\000s\000i\000s\000t\000e\000m\000a\000.}{section.Alph7.1}% 132
\BOOKMARK [1][-]{section.Alph7.2}{\376\377\000C\000o\000m\000p\000o\000n\000e\000n\000t\000e\000\040\000I\000.\000\040\000E\000x\000t\000e\000n\000s\000i\000\363\000n\000.}{appendix.Alph7}% 133
\BOOKMARK [2][-]{subsection.Alph7.2.1}{\376\377\000D\000e\000s\000c\000r\000i\000p\000c\000i\000\363\000n\000.}{section.Alph7.2}% 134
\BOOKMARK [2][-]{subsection.Alph7.2.2}{\376\377\000C\000a\000m\000b\000i\000o\000s\000\040\000p\000l\000a\000n\000t\000e\000a\000d\000o\000s\000.}{section.Alph7.2}% 135
\BOOKMARK [2][-]{subsection.Alph7.2.3}{\376\377\000C\000a\000m\000b\000i\000o\000s\000\040\000a\000l\000\040\000e\000s\000t\000u\000d\000i\000o\000\040\000d\000e\000\040\000r\000e\000q\000u\000e\000r\000i\000m\000i\000e\000n\000t\000o\000s\000\040\000y\000\040\000r\000e\000g\000l\000a\000s\000\040\000d\000e\000\040\000n\000e\000g\000o\000c\000i\000o\000.}{section.Alph7.2}% 136
\BOOKMARK [1][-]{section.Alph7.3}{\376\377\000C\000o\000m\000p\000o\000n\000e\000n\000t\000e\000\040\000I\000I\000:\000\040\000S\000e\000r\000v\000i\000d\000o\000r\000\040\000a\000u\000t\000e\000n\000t\000i\000f\000i\000c\000a\000d\000o\000r\000.}{appendix.Alph7}% 137
\BOOKMARK [2][-]{subsection.Alph7.3.1}{\376\377\000D\000e\000s\000c\000r\000i\000p\000c\000i\000\363\000n\000.}{section.Alph7.3}% 138
\BOOKMARK [2][-]{subsection.Alph7.3.2}{\376\377\000C\000a\000m\000b\000i\000o\000s\000\040\000P\000l\000a\000n\000t\000e\000a\000d\000o\000s\000.}{section.Alph7.3}% 139
\BOOKMARK [2][-]{subsection.Alph7.3.3}{\376\377\000C\000a\000m\000b\000i\000o\000s\000\040\000a\000l\000\040\000e\000s\000t\000u\000d\000i\000o\000\040\000d\000e\000\040\000r\000e\000q\000u\000e\000r\000i\000m\000i\000e\000n\000t\000o\000s\000\040\000y\000\040\000r\000e\000g\000l\000a\000s\000\040\000d\000e\000\040\000n\000e\000g\000o\000c\000i\000o\000.}{section.Alph7.3}% 140
\BOOKMARK [1][-]{section.Alph7.4}{\376\377\000C\000o\000m\000p\000o\000n\000e\000n\000t\000e\000\040\000I\000I\000I\000:\000\040\000A\000P\000I\000.}{appendix.Alph7}% 141
\BOOKMARK [2][-]{subsection.Alph7.4.1}{\376\377\000D\000e\000s\000c\000r\000i\000p\000c\000i\000\363\000n\000.}{section.Alph7.4}% 142
\BOOKMARK [2][-]{subsection.Alph7.4.2}{\376\377\000C\000a\000m\000b\000i\000o\000s\000\040\000p\000l\000a\000n\000t\000e\000a\000d\000o\000s\000.}{section.Alph7.4}% 143
\BOOKMARK [2][-]{subsection.Alph7.4.3}{\376\377\000C\000a\000m\000b\000i\000o\000s\000\040\000a\000l\000\040\000e\000s\000t\000u\000d\000i\000o\000\040\000d\000e\000\040\000r\000e\000q\000u\000e\000r\000i\000m\000i\000e\000n\000t\000o\000s\000\040\000y\000\040\000r\000e\000g\000l\000a\000s\000\040\000d\000e\000\040\000n\000e\000g\000o\000c\000i\000o\000.}{section.Alph7.4}% 144
\BOOKMARK [0][-]{appendix.Alph8}{\376\377\000D\000i\000s\000e\000\361\000o\000.}{part.4}% 145
\BOOKMARK [1][-]{section.Alph8.1}{\376\377\000C\000o\000m\000p\000o\000n\000e\000n\000t\000e\000\040\000I\000:\000\040\000E\000x\000t\000e\000n\000s\000i\000\363\000n\000.}{appendix.Alph8}% 146
\BOOKMARK [2][-]{subsection.Alph8.1.1}{\376\377\000C\000a\000m\000b\000i\000o\000s\000\040\000e\000n\000\040\000e\000l\000\040\000a\000l\000g\000o\000r\000i\000t\000m\000o\000.}{section.Alph8.1}% 147
\BOOKMARK [1][-]{section.Alph8.2}{\376\377\000C\000o\000m\000p\000o\000n\000e\000n\000t\000e\000\040\000I\000I\000:\000\040\000S\000e\000r\000v\000i\000d\000o\000r\000\040\000A\000u\000t\000e\000n\000t\000i\000f\000i\000c\000a\000d\000o\000r\000.}{appendix.Alph8}% 148
\BOOKMARK [2][-]{subsection.Alph8.2.1}{\376\377\000C\000a\000m\000b\000i\000o\000s\000\040\000r\000e\000a\000l\000i\000z\000a\000d\000o\000s\000.}{section.Alph8.2}% 149
\BOOKMARK [2][-]{subsection.Alph8.2.2}{\376\377\000D\000i\000a\000g\000r\000a\000m\000a\000\040\000d\000e\000\040\000A\000c\000t\000i\000v\000i\000d\000a\000d\000e\000s\000.}{section.Alph8.2}% 150
\BOOKMARK [2][-]{subsection.Alph8.2.3}{\376\377\000D\000i\000a\000g\000r\000a\000m\000a\000\040\000d\000e\000\040\000S\000e\000c\000u\000e\000n\000c\000i\000a\000.}{section.Alph8.2}% 151
\BOOKMARK [1][-]{section.Alph8.3}{\376\377\000C\000o\000m\000p\000o\000n\000e\000n\000t\000e\000\040\000I\000I\000I\000:\000\040\000A\000P\000I\000.}{appendix.Alph8}% 152
\BOOKMARK [2][-]{subsection.Alph8.3.1}{\376\377\000C\000a\000m\000b\000i\000o\000s\000\040\000r\000e\000a\000l\000i\000z\000a\000d\000o\000s\000.}{section.Alph8.3}% 153
\BOOKMARK [2][-]{subsection.Alph8.3.2}{\376\377\000C\000a\000m\000b\000i\000o\000\040\000e\000n\000\040\000e\000l\000\040\000a\000l\000g\000o\000r\000i\000t\000m\000o\000.}{section.Alph8.3}% 154
\BOOKMARK [2][-]{subsection.Alph8.3.3}{\376\377\000D\000i\000a\000g\000r\000a\000m\000a\000\040\000d\000e\000\040\000F\000l\000u\000j\000o\000.}{section.Alph8.3}% 155
\BOOKMARK [0][-]{appendix.Alph9}{\376\377\000D\000e\000s\000a\000r\000r\000o\000l\000l\000o\000.}{part.4}% 156
\BOOKMARK [1][-]{section.Alph9.1}{\376\377\000C\000o\000m\000p\000o\000n\000e\000n\000t\000e\000\040\000I\000:\000\040\000E\000x\000t\000e\000n\000s\000i\000\363\000n\000.}{appendix.Alph9}% 157
\BOOKMARK [2][-]{subsection.Alph9.1.1}{\376\377\000C\000a\000m\000b\000i\000o\000s\000\040\000e\000n\000\040\000e\000l\000\040\000m\000a\000n\000i\000f\000e\000s\000t\000.}{section.Alph9.1}% 158
\BOOKMARK [2][-]{subsection.Alph9.1.2}{\376\377\000I\000m\000p\000l\000e\000m\000e\000n\000t\000a\000c\000i\000\363\000n\000\040\000d\000e\000l\000\040\000C\000h\000a\000f\000f\000i\000n\000g\000.}{section.Alph9.1}% 159
\BOOKMARK [1][-]{section.Alph9.2}{\376\377\000C\000o\000m\000p\000o\000n\000e\000n\000t\000e\000\040\000I\000I\000:\000\040\000S\000e\000r\000v\000i\000d\000o\000r\000\040\000A\000u\000t\000e\000n\000t\000i\000f\000i\000c\000a\000d\000o\000r\000.}{appendix.Alph9}% 160
\BOOKMARK [2][-]{subsection.Alph9.2.1}{\376\377\000S\000e\000r\000v\000i\000d\000o\000r\000\040\000d\000e\000\040\000a\000c\000c\000e\000s\000o\000s\000\040\000F\000T\000P\000.}{section.Alph9.2}% 161
\BOOKMARK [1][-]{section.Alph9.3}{\376\377\000C\000o\000m\000p\000o\000n\000e\000n\000t\000e\000\040\000I\000I\000I\000:\000\040\000A\000P\000I\000.}{appendix.Alph9}% 162
\BOOKMARK [2][-]{subsection.Alph9.3.1}{\376\377\000N\000u\000e\000v\000o\000\040\000P\000r\000o\000c\000e\000s\000o\000\040\000d\000e\000\040\000W\000i\000n\000n\000o\000w\000i\000n\000g\000\040\000y\000\040\000e\000l\000i\000m\000i\000n\000a\000c\000i\000\363\000n\000\040\000d\000e\000l\000\040\000d\000e\000s\000c\000i\000f\000r\000a\000d\000o\000\040\000A\000E\000S\000.}{section.Alph9.3}% 163
\BOOKMARK [2][-]{subsection.Alph9.3.2}{\376\377\000G\000u\000a\000r\000d\000a\000d\000o\000\040\000d\000e\000l\000\040\000c\000e\000r\000t\000i\000f\000i\000c\000a\000d\000o}{section.Alph9.3}% 164
\BOOKMARK [0][-]{appendix.Alph10}{\376\377\000P\000r\000u\000e\000b\000a\000s\000.}{part.4}% 165
\BOOKMARK [1][-]{section.Alph10.1}{\376\377\000P\000r\000u\000e\000b\000a\000s\000\040\000d\000e\000\040\000i\000n\000t\000e\000g\000r\000a\000c\000i\000\363\000n\000.}{appendix.Alph10}% 166
\BOOKMARK [2][-]{subsection.Alph10.1.1}{\376\377\000E\000x\000t\000e\000n\000s\000i\000\363\000n\000\040\000y\000\040\000S\000e\000r\000v\000i\000d\000o\000r\000\040\000a\000u\000t\000e\000n\000t\000i\000f\000i\000c\000a\000d\000o\000r}{section.Alph10.1}% 167
\BOOKMARK [2][-]{subsection.Alph10.1.2}{\376\377\000E\000x\000t\000e\000n\000s\000i\000\363\000n\000\040\000y\000\040\000S\000e\000r\000v\000i\000c\000i\000o\000\040\000W\000e\000b}{section.Alph10.1}% 168
\BOOKMARK [2][-]{subsection.Alph10.1.3}{\376\377\000S\000e\000r\000v\000i\000d\000o\000r\000\040\000A\000u\000t\000e\000n\000t\000i\000f\000i\000c\000a\000d\000o\000r\000\040\000y\000\040\000A\000P\000I}{section.Alph10.1}% 169
\BOOKMARK [1][-]{section.Alph10.2}{\376\377\000P\000r\000u\000e\000b\000a\000s\000\040\000f\000u\000n\000c\000i\000o\000n\000a\000l\000e\000s\000.}{appendix.Alph10}% 170
\BOOKMARK [1][-]{section.Alph10.3}{\376\377\000T\000i\000e\000m\000p\000o\000s\000\040\000d\000e\000\040\000e\000j\000e\000c\000u\000c\000i\000\363\000n\000.}{appendix.Alph10}% 171
\BOOKMARK [2][-]{subsection.Alph10.3.1}{\376\377\000A\000l\000g\000o\000r\000i\000t\000m\000o\000\040\000d\000e\000\040\000C\000h\000a\000f\000f\000i\000n\000g\000.}{section.Alph10.3}% 172
\BOOKMARK [2][-]{subsection.Alph10.3.2}{\376\377\000A\000l\000g\000o\000r\000i\000t\000m\000o\000\040\000d\000e\000\040\000W\000i\000n\000n\000o\000w\000i\000n\000g\000.}{section.Alph10.3}% 173
\BOOKMARK [2][-]{subsection.Alph10.3.3}{\376\377\000I\000n\000i\000c\000i\000o\000\040\000d\000e\000\040\000s\000e\000s\000i\000\363\000n\000.}{section.Alph10.3}% 174
\BOOKMARK [0][-]{appendix.Alph11}{\376\377\000C\000o\000n\000c\000l\000u\000s\000i\000o\000n\000e\000s}{part.4}% 175
\BOOKMARK [0][-]{appendix.Alph12}{\376\377\000T\000r\000a\000b\000a\000j\000o\000\040\000a\000\040\000f\000u\000t\000u\000r\000o\000.}{part.4}% 176
